Fri Jan 22 14:05:10 CST 2016
JAVA_HOME=/usr/lib/jvm/java
Executing: /usr/lib/jvm/java/bin/java -server -XX:+UseConcMarkSweepGC -XX:-CMSConcurrentMTEnabled -XX:+UseParNewGC -Dmgmt.log.file=mgmt-cmf-mgmt1-HOSTMONITOR-42334cc3-0eb5-9cfc-f65d-0b4cc67ad682.spherestage-kc.net.log.out -Djava.awt.headless=true -Djava.net.preferIPv4Stack=true -Dfirehose.schema.dir=/usr/share/cmf/schema -Dlibrary.leveldbjni.path=/var/run/cloudera-scm-agent/process/38357-cloudera-mgmt-HOSTMONITOR -Xms2147483648 -Xmx2147483648 -XX:OnOutOfMemoryError=/usr/lib64/cmf/service/common/killparent.sh -cp /var/run/cloudera-scm-agent/process/38357-cloudera-mgmt-HOSTMONITOR:/usr/share/java/mysql-connector-java.jar:/usr/share/cmf/lib/postgresql-9.0-801.jdbc4.jar:/usr/share/java/oracle-connector-java.jar:/usr/share/cmf/lib/* com.cloudera.cmon.firehose.Main --pipeline-type HOST_MONITORING --mgmt-home /usr/share/cmf
#
# A fatal error has been detected by the Java Runtime Environment:
#
#  SIGBUS (0x7) at pc=0x000000307d4897fb, pid=23072, tid=140158149654272
#
# JRE version: Java(TM) SE Runtime Environment (8.0_45-b14) (build 1.8.0_45-b14)
# Java VM: Java HotSpot(TM) 64-Bit Server VM (25.45-b02 mixed mode linux-amd64 compressed oops)
# Problematic frame:
# C  [libc.so.6+0x897fb]  memcpy+0x15b
#
# Failed to write core dump. Core dumps have been disabled. To enable core dumping, try "ulimit -c unlimited" before starting Java again
#
# An error report file with more information is saved as:
# /var/run/cloudera-scm-agent/process/38357-cloudera-mgmt-HOSTMONITOR/hs_err_pid23072.log
#
# If you would like to submit a bug report, please visit:
#   http://bugreport.java.com/bugreport/crash.jsp
# The crash happened outside the Java Virtual Machine in native code.
# See problematic frame for where to report the bug.
#
Fri Jan 22 19:01:56 CST 2016
JAVA_HOME=/usr/lib/jvm/java
Executing: /usr/lib/jvm/java/bin/java -server -XX:+UseConcMarkSweepGC -XX:-CMSConcurrentMTEnabled -XX:+UseParNewGC -Dmgmt.log.file=mgmt-cmf-mgmt1-HOSTMONITOR-42334cc3-0eb5-9cfc-f65d-0b4cc67ad682.spherestage-kc.net.log.out -Djava.awt.headless=true -Djava.net.preferIPv4Stack=true -Dfirehose.schema.dir=/usr/share/cmf/schema -Dlibrary.leveldbjni.path=/var/run/cloudera-scm-agent/process/38357-cloudera-mgmt-HOSTMONITOR -Xms2147483648 -Xmx2147483648 -XX:OnOutOfMemoryError=/usr/lib64/cmf/service/common/killparent.sh -cp /var/run/cloudera-scm-agent/process/38357-cloudera-mgmt-HOSTMONITOR:/usr/share/java/mysql-connector-java.jar:/usr/share/cmf/lib/postgresql-9.0-801.jdbc4.jar:/usr/share/java/oracle-connector-java.jar:/usr/share/cmf/lib/* com.cloudera.cmon.firehose.Main --pipeline-type HOST_MONITORING --mgmt-home /usr/share/cmf
#
# A fatal error has been detected by the Java Runtime Environment:
#
#  SIGBUS (0x7) at pc=0x000000307d4896b1, pid=6460, tid=140020545419008
#
# JRE version: Java(TM) SE Runtime Environment (8.0_45-b14) (build 1.8.0_45-b14)
# Java VM: Java HotSpot(TM) 64-Bit Server VM (25.45-b02 mixed mode linux-amd64 compressed oops)
# Problematic frame:
# C  [libc.so.6+0x896b1]  memcpy+0x11
#
# Failed to write core dump. Core dumps have been disabled. To enable core dumping, try "ulimit -c unlimited" before starting Java again
#
# An error report file with more information is saved as:
# /var/run/cloudera-scm-agent/process/38357-cloudera-mgmt-HOSTMONITOR/hs_err_pid6460.log
#
# If you would like to submit a bug report, please visit:
#   http://bugreport.java.com/bugreport/crash.jsp
# The crash happened outside the Java Virtual Machine in native code.
# See problematic frame for where to report the bug.
#
Fri Jan 22 20:42:39 CST 2016
JAVA_HOME=/usr/lib/jvm/java
Executing: /usr/lib/jvm/java/bin/java -server -XX:+UseConcMarkSweepGC -XX:-CMSConcurrentMTEnabled -XX:+UseParNewGC -Dmgmt.log.file=mgmt-cmf-mgmt1-HOSTMONITOR-42334cc3-0eb5-9cfc-f65d-0b4cc67ad682.spherestage-kc.net.log.out -Djava.awt.headless=true -Djava.net.preferIPv4Stack=true -Dfirehose.schema.dir=/usr/share/cmf/schema -Dlibrary.leveldbjni.path=/var/run/cloudera-scm-agent/process/38357-cloudera-mgmt-HOSTMONITOR -Xms2147483648 -Xmx2147483648 -XX:OnOutOfMemoryError=/usr/lib64/cmf/service/common/killparent.sh -cp /var/run/cloudera-scm-agent/process/38357-cloudera-mgmt-HOSTMONITOR:/usr/share/java/mysql-connector-java.jar:/usr/share/cmf/lib/postgresql-9.0-801.jdbc4.jar:/usr/share/java/oracle-connector-java.jar:/usr/share/cmf/lib/* com.cloudera.cmon.firehose.Main --pipeline-type HOST_MONITORING --mgmt-home /usr/share/cmf
#
# A fatal error has been detected by the Java Runtime Environment:
#
#  SIGBUS (0x7) at pc=0x000000307d4897ae, pid=11865, tid=140291104327424
#
# JRE version: Java(TM) SE Runtime Environment (8.0_45-b14) (build 1.8.0_45-b14)
# Java VM: Java HotSpot(TM) 64-Bit Server VM (25.45-b02 mixed mode linux-amd64 compressed oops)
# Problematic frame:
# C  [libc.so.6+0x897ae]  memcpy+0x10e
#
# Failed to write core dump. Core dumps have been disabled. To enable core dumping, try "ulimit -c unlimited" before starting Java again
#
# An error report file with more information is saved as:
# /var/run/cloudera-scm-agent/process/38357-cloudera-mgmt-HOSTMONITOR/hs_err_pid11865.log
#
# If you would like to submit a bug report, please visit:
#   http://bugreport.java.com/bugreport/crash.jsp
# The crash happened outside the Java Virtual Machine in native code.
# See problematic frame for where to report the bug.
#
Fri Jan 22 20:43:19 CST 2016
JAVA_HOME=/usr/lib/jvm/java
Executing: /usr/lib/jvm/java/bin/java -server -XX:+UseConcMarkSweepGC -XX:-CMSConcurrentMTEnabled -XX:+UseParNewGC -Dmgmt.log.file=mgmt-cmf-mgmt1-HOSTMONITOR-42334cc3-0eb5-9cfc-f65d-0b4cc67ad682.spherestage-kc.net.log.out -Djava.awt.headless=true -Djava.net.preferIPv4Stack=true -Dfirehose.schema.dir=/usr/share/cmf/schema -Dlibrary.leveldbjni.path=/var/run/cloudera-scm-agent/process/38357-cloudera-mgmt-HOSTMONITOR -Xms2147483648 -Xmx2147483648 -XX:OnOutOfMemoryError=/usr/lib64/cmf/service/common/killparent.sh -cp /var/run/cloudera-scm-agent/process/38357-cloudera-mgmt-HOSTMONITOR:/usr/share/java/mysql-connector-java.jar:/usr/share/cmf/lib/postgresql-9.0-801.jdbc4.jar:/usr/share/java/oracle-connector-java.jar:/usr/share/cmf/lib/* com.cloudera.cmon.firehose.Main --pipeline-type HOST_MONITORING --mgmt-home /usr/share/cmf
#
# A fatal error has been detected by the Java Runtime Environment:
#
#  SIGBUS (0x7) at pc=0x000000307d4897b2, pid=11962, tid=140448941045504
#
# JRE version: Java(TM) SE Runtime Environment (8.0_45-b14) (build 1.8.0_45-b14)
# Java VM: Java HotSpot(TM) 64-Bit Server VM (25.45-b02 mixed mode linux-amd64 compressed oops)
# Problematic frame:
# C  [libc.so.6+0x897b2]  memcpy+0x112
#
# Failed to write core dump. Core dumps have been disabled. To enable core dumping, try "ulimit -c unlimited" before starting Java again
#
# An error report file with more information is saved as:
# /var/run/cloudera-scm-agent/process/38357-cloudera-mgmt-HOSTMONITOR/hs_err_pid11962.log
#
# If you would like to submit a bug report, please visit:
#   http://bugreport.java.com/bugreport/crash.jsp
# The crash happened outside the Java Virtual Machine in native code.
# See problematic frame for where to report the bug.
#
Fri Jan 22 22:04:08 CST 2016
JAVA_HOME=/usr/lib/jvm/java
Executing: /usr/lib/jvm/java/bin/java -server -XX:+UseConcMarkSweepGC -XX:-CMSConcurrentMTEnabled -XX:+UseParNewGC -Dmgmt.log.file=mgmt-cmf-mgmt1-HOSTMONITOR-42334cc3-0eb5-9cfc-f65d-0b4cc67ad682.spherestage-kc.net.log.out -Djava.awt.headless=true -Djava.net.preferIPv4Stack=true -Dfirehose.schema.dir=/usr/share/cmf/schema -Dlibrary.leveldbjni.path=/var/run/cloudera-scm-agent/process/38357-cloudera-mgmt-HOSTMONITOR -Xms2147483648 -Xmx2147483648 -XX:OnOutOfMemoryError=/usr/lib64/cmf/service/common/killparent.sh -cp /var/run/cloudera-scm-agent/process/38357-cloudera-mgmt-HOSTMONITOR:/usr/share/java/mysql-connector-java.jar:/usr/share/cmf/lib/postgresql-9.0-801.jdbc4.jar:/usr/share/java/oracle-connector-java.jar:/usr/share/cmf/lib/* com.cloudera.cmon.firehose.Main --pipeline-type HOST_MONITORING --mgmt-home /usr/share/cmf
#
# A fatal error has been detected by the Java Runtime Environment:
#
#  SIGBUS (0x7) at pc=0x000000307d489788, pid=16264, tid=140311481284352
#
# JRE version: Java(TM) SE Runtime Environment (8.0_45-b14) (build 1.8.0_45-b14)
# Java VM: Java HotSpot(TM) 64-Bit Server VM (25.45-b02 mixed mode linux-amd64 compressed oops)
# Problematic frame:
# C  [libc.so.6+0x89788]  memcpy+0xe8
#
# Failed to write core dump. Core dumps have been disabled. To enable core dumping, try "ulimit -c unlimited" before starting Java again
#
# An error report file with more information is saved as:
# /var/run/cloudera-scm-agent/process/38357-cloudera-mgmt-HOSTMONITOR/hs_err_pid16264.log
#
# If you would like to submit a bug report, please visit:
#   http://bugreport.java.com/bugreport/crash.jsp
# The crash happened outside the Java Virtual Machine in native code.
# See problematic frame for where to report the bug.
#
Fri Jan 22 23:44:41 CST 2016
JAVA_HOME=/usr/lib/jvm/java
Executing: /usr/lib/jvm/java/bin/java -server -XX:+UseConcMarkSweepGC -XX:-CMSConcurrentMTEnabled -XX:+UseParNewGC -Dmgmt.log.file=mgmt-cmf-mgmt1-HOSTMONITOR-42334cc3-0eb5-9cfc-f65d-0b4cc67ad682.spherestage-kc.net.log.out -Djava.awt.headless=true -Djava.net.preferIPv4Stack=true -Dfirehose.schema.dir=/usr/share/cmf/schema -Dlibrary.leveldbjni.path=/var/run/cloudera-scm-agent/process/38357-cloudera-mgmt-HOSTMONITOR -Xms2147483648 -Xmx2147483648 -XX:OnOutOfMemoryError=/usr/lib64/cmf/service/common/killparent.sh -cp /var/run/cloudera-scm-agent/process/38357-cloudera-mgmt-HOSTMONITOR:/usr/share/java/mysql-connector-java.jar:/usr/share/cmf/lib/postgresql-9.0-801.jdbc4.jar:/usr/share/java/oracle-connector-java.jar:/usr/share/cmf/lib/* com.cloudera.cmon.firehose.Main --pipeline-type HOST_MONITORING --mgmt-home /usr/share/cmf
#
# A fatal error has been detected by the Java Runtime Environment:
#
#  SIGBUS (0x7) at pc=0x000000307d4897fb, pid=21678, tid=139711741110016
#
# JRE version: Java(TM) SE Runtime Environment (8.0_45-b14) (build 1.8.0_45-b14)
# Java VM: Java HotSpot(TM) 64-Bit Server VM (25.45-b02 mixed mode linux-amd64 compressed oops)
# Problematic frame:
# C  [libc.so.6+0x897fb]  memcpy+0x15b
#
# Failed to write core dump. Core dumps have been disabled. To enable core dumping, try "ulimit -c unlimited" before starting Java again
#
# An error report file with more information is saved as:
# /var/run/cloudera-scm-agent/process/38357-cloudera-mgmt-HOSTMONITOR/hs_err_pid21678.log
#
# If you would like to submit a bug report, please visit:
#   http://bugreport.java.com/bugreport/crash.jsp
# The crash happened outside the Java Virtual Machine in native code.
# See problematic frame for where to report the bug.
#
Sat Jan 23 01:25:10 CST 2016
JAVA_HOME=/usr/lib/jvm/java
Executing: /usr/lib/jvm/java/bin/java -server -XX:+UseConcMarkSweepGC -XX:-CMSConcurrentMTEnabled -XX:+UseParNewGC -Dmgmt.log.file=mgmt-cmf-mgmt1-HOSTMONITOR-42334cc3-0eb5-9cfc-f65d-0b4cc67ad682.spherestage-kc.net.log.out -Djava.awt.headless=true -Djava.net.preferIPv4Stack=true -Dfirehose.schema.dir=/usr/share/cmf/schema -Dlibrary.leveldbjni.path=/var/run/cloudera-scm-agent/process/38357-cloudera-mgmt-HOSTMONITOR -Xms2147483648 -Xmx2147483648 -XX:OnOutOfMemoryError=/usr/lib64/cmf/service/common/killparent.sh -cp /var/run/cloudera-scm-agent/process/38357-cloudera-mgmt-HOSTMONITOR:/usr/share/java/mysql-connector-java.jar:/usr/share/cmf/lib/postgresql-9.0-801.jdbc4.jar:/usr/share/java/oracle-connector-java.jar:/usr/share/cmf/lib/* com.cloudera.cmon.firehose.Main --pipeline-type HOST_MONITORING --mgmt-home /usr/share/cmf
#
# A fatal error has been detected by the Java Runtime Environment:
#
#  SIGBUS (0x7) at pc=0x000000307d4897fb, pid=27073, tid=140172048860928
#
# JRE version: Java(TM) SE Runtime Environment (8.0_45-b14) (build 1.8.0_45-b14)
# Java VM: Java HotSpot(TM) 64-Bit Server VM (25.45-b02 mixed mode linux-amd64 compressed oops)
# Problematic frame:
# C  [libc.so.6+0x897fb]  memcpy+0x15b
#
# Failed to write core dump. Core dumps have been disabled. To enable core dumping, try "ulimit -c unlimited" before starting Java again
#
# An error report file with more information is saved as:
# /var/run/cloudera-scm-agent/process/38357-cloudera-mgmt-HOSTMONITOR/hs_err_pid27073.log
#
# If you would like to submit a bug report, please visit:
#   http://bugreport.java.com/bugreport/crash.jsp
# The crash happened outside the Java Virtual Machine in native code.
# See problematic frame for where to report the bug.
#
Sat Jan 23 06:49:33 CST 2016
JAVA_HOME=/usr/lib/jvm/java
Executing: /usr/lib/jvm/java/bin/java -server -XX:+UseConcMarkSweepGC -XX:-CMSConcurrentMTEnabled -XX:+UseParNewGC -Dmgmt.log.file=mgmt-cmf-mgmt1-HOSTMONITOR-42334cc3-0eb5-9cfc-f65d-0b4cc67ad682.spherestage-kc.net.log.out -Djava.awt.headless=true -Djava.net.preferIPv4Stack=true -Dfirehose.schema.dir=/usr/share/cmf/schema -Dlibrary.leveldbjni.path=/var/run/cloudera-scm-agent/process/38357-cloudera-mgmt-HOSTMONITOR -Xms2147483648 -Xmx2147483648 -XX:OnOutOfMemoryError=/usr/lib64/cmf/service/common/killparent.sh -cp /var/run/cloudera-scm-agent/process/38357-cloudera-mgmt-HOSTMONITOR:/usr/share/java/mysql-connector-java.jar:/usr/share/cmf/lib/postgresql-9.0-801.jdbc4.jar:/usr/share/java/oracle-connector-java.jar:/usr/share/cmf/lib/* com.cloudera.cmon.firehose.Main --pipeline-type HOST_MONITORING --mgmt-home /usr/share/cmf
#
# A fatal error has been detected by the Java Runtime Environment:
#
#  SIGBUS (0x7) at pc=0x000000307d4897ae, pid=23884, tid=140302290761472
#
# JRE version: Java(TM) SE Runtime Environment (8.0_45-b14) (build 1.8.0_45-b14)
# Java VM: Java HotSpot(TM) 64-Bit Server VM (25.45-b02 mixed mode linux-amd64 compressed oops)
# Problematic frame:
# C  [libc.so.6+0x897ae]  memcpy+0x10e
#
# Failed to write core dump. Core dumps have been disabled. To enable core dumping, try "ulimit -c unlimited" before starting Java again
#
# An error report file with more information is saved as:
# /var/run/cloudera-scm-agent/process/38357-cloudera-mgmt-HOSTMONITOR/hs_err_pid23884.log
#
# If you would like to submit a bug report, please visit:
#   http://bugreport.java.com/bugreport/crash.jsp
# The crash happened outside the Java Virtual Machine in native code.
# See problematic frame for where to report the bug.
#
Sat Jan 23 13:05:47 CST 2016
JAVA_HOME=/usr/lib/jvm/java
Executing: /usr/lib/jvm/java/bin/java -server -XX:+UseConcMarkSweepGC -XX:-CMSConcurrentMTEnabled -XX:+UseParNewGC -Dmgmt.log.file=mgmt-cmf-mgmt1-HOSTMONITOR-42334cc3-0eb5-9cfc-f65d-0b4cc67ad682.spherestage-kc.net.log.out -Djava.awt.headless=true -Djava.net.preferIPv4Stack=true -Dfirehose.schema.dir=/usr/share/cmf/schema -Dlibrary.leveldbjni.path=/var/run/cloudera-scm-agent/process/38357-cloudera-mgmt-HOSTMONITOR -Xms2147483648 -Xmx2147483648 -XX:OnOutOfMemoryError=/usr/lib64/cmf/service/common/killparent.sh -cp /var/run/cloudera-scm-agent/process/38357-cloudera-mgmt-HOSTMONITOR:/usr/share/java/mysql-connector-java.jar:/usr/share/cmf/lib/postgresql-9.0-801.jdbc4.jar:/usr/share/java/oracle-connector-java.jar:/usr/share/cmf/lib/* com.cloudera.cmon.firehose.Main --pipeline-type HOST_MONITORING --mgmt-home /usr/share/cmf
#
# A fatal error has been detected by the Java Runtime Environment:
#
#  SIGBUS (0x7) at pc=0x000000307d4897fb[thread 139985489843968 also had an error]
, pid=11601, tid=139985530537728
#
# JRE version: Java(TM) SE Runtime Environment (8.0_45-b14) (build 1.8.0_45-b14)
# Java VM: Java HotSpot(TM) 64-Bit Server VM (25.45-b02 mixed mode linux-amd64 compressed oops)
# Problematic frame:
# C  [libc.so.6+0x897fb]  memcpy+0x15b
#
# Failed to write core dump. Core dumps have been disabled. To enable core dumping, try "ulimit -c unlimited" before starting Java again
#
# An error report file with more information is saved as:
# /var/run/cloudera-scm-agent/process/38357-cloudera-mgmt-HOSTMONITOR/hs_err_pid11601.log
Sat Jan 23 13:06:19 CST 2016
JAVA_HOME=/usr/lib/jvm/java
Executing: /usr/lib/jvm/java/bin/java -server -XX:+UseConcMarkSweepGC -XX:-CMSConcurrentMTEnabled -XX:+UseParNewGC -Dmgmt.log.file=mgmt-cmf-mgmt1-HOSTMONITOR-42334cc3-0eb5-9cfc-f65d-0b4cc67ad682.spherestage-kc.net.log.out -Djava.awt.headless=true -Djava.net.preferIPv4Stack=true -Dfirehose.schema.dir=/usr/share/cmf/schema -Dlibrary.leveldbjni.path=/var/run/cloudera-scm-agent/process/38357-cloudera-mgmt-HOSTMONITOR -Xms2147483648 -Xmx2147483648 -XX:OnOutOfMemoryError=/usr/lib64/cmf/service/common/killparent.sh -cp /var/run/cloudera-scm-agent/process/38357-cloudera-mgmt-HOSTMONITOR:/usr/share/java/mysql-connector-java.jar:/usr/share/cmf/lib/postgresql-9.0-801.jdbc4.jar:/usr/share/java/oracle-connector-java.jar:/usr/share/cmf/lib/* com.cloudera.cmon.firehose.Main --pipeline-type HOST_MONITORING --mgmt-home /usr/share/cmf
#
# A fatal error has been detected by the Java Runtime Environment:
#
#  SIGBUS (0x7) at pc=0x000000307d4897fb, pid=11699, tid=140098059831040
#
# JRE version: Java(TM) SE Runtime Environment (8.0_45-b14) (build 1.8.0_45-b14)
# Java VM: Java HotSpot(TM) 64-Bit Server VM (25.45-b02 mixed mode linux-amd64 compressed oops)
# Problematic frame:
# C  [libc.so.6+0x897fb]  memcpy+0x15b
#
# Failed to write core dump. Core dumps have been disabled. To enable core dumping, try "ulimit -c unlimited" before starting Java again
#
# An error report file with more information is saved as:
# /var/run/cloudera-scm-agent/process/38357-cloudera-mgmt-HOSTMONITOR/hs_err_pid11699.log
#
# If you would like to submit a bug report, please visit:
#   http://bugreport.java.com/bugreport/crash.jsp
#
Sat Jan 23 13:06:50 CST 2016
JAVA_HOME=/usr/lib/jvm/java
Executing: /usr/lib/jvm/java/bin/java -server -XX:+UseConcMarkSweepGC -XX:-CMSConcurrentMTEnabled -XX:+UseParNewGC -Dmgmt.log.file=mgmt-cmf-mgmt1-HOSTMONITOR-42334cc3-0eb5-9cfc-f65d-0b4cc67ad682.spherestage-kc.net.log.out -Djava.awt.headless=true -Djava.net.preferIPv4Stack=true -Dfirehose.schema.dir=/usr/share/cmf/schema -Dlibrary.leveldbjni.path=/var/run/cloudera-scm-agent/process/38357-cloudera-mgmt-HOSTMONITOR -Xms2147483648 -Xmx2147483648 -XX:OnOutOfMemoryError=/usr/lib64/cmf/service/common/killparent.sh -cp /var/run/cloudera-scm-agent/process/38357-cloudera-mgmt-HOSTMONITOR:/usr/share/java/mysql-connector-java.jar:/usr/share/cmf/lib/postgresql-9.0-801.jdbc4.jar:/usr/share/java/oracle-connector-java.jar:/usr/share/cmf/lib/* com.cloudera.cmon.firehose.Main --pipeline-type HOST_MONITORING --mgmt-home /usr/share/cmf
#
# A fatal error has been detected by the Java Runtime Environment:
#
#  SIGBUS (0x7) at pc=0x000000307d4897fb, pid=11818, tid=139851415226112
#
# JRE version: Java(TM) SE Runtime Environment (8.0_45-b14) (build 1.8.0_45-b14)
# Java VM: Java HotSpot(TM) 64-Bit Server VM (25.45-b02 mixed mode linux-amd64 compressed oops)
# Problematic frame:
# C  [libc.so.6+0x897fb]  memcpy+0x15b
#
# Failed to write core dump. Core dumps have been disabled. To enable core dumping, try "ulimit -c unlimited" before starting Java again
#
# An error report file with more information is saved as:
# /var/run/cloudera-scm-agent/process/38357-cloudera-mgmt-HOSTMONITOR/hs_err_pid11818.log
#
# If you would like to submit a bug report, please visit:
#   http://bugreport.java.com/bugreport/crash.jsp
#
Sun Jan 24 03:32:20 CST 2016
JAVA_HOME=/usr/lib/jvm/java
Executing: /usr/lib/jvm/java/bin/java -server -XX:+UseConcMarkSweepGC -XX:-CMSConcurrentMTEnabled -XX:+UseParNewGC -Dmgmt.log.file=mgmt-cmf-mgmt1-HOSTMONITOR-42334cc3-0eb5-9cfc-f65d-0b4cc67ad682.spherestage-kc.net.log.out -Djava.awt.headless=true -Djava.net.preferIPv4Stack=true -Dfirehose.schema.dir=/usr/share/cmf/schema -Dlibrary.leveldbjni.path=/var/run/cloudera-scm-agent/process/38357-cloudera-mgmt-HOSTMONITOR -Xms2147483648 -Xmx2147483648 -XX:OnOutOfMemoryError=/usr/lib64/cmf/service/common/killparent.sh -cp /var/run/cloudera-scm-agent/process/38357-cloudera-mgmt-HOSTMONITOR:/usr/share/java/mysql-connector-java.jar:/usr/share/cmf/lib/postgresql-9.0-801.jdbc4.jar:/usr/share/java/oracle-connector-java.jar:/usr/share/cmf/lib/* com.cloudera.cmon.firehose.Main --pipeline-type HOST_MONITORING --mgmt-home /usr/share/cmf
#
# A fatal error has been detected by the Java Runtime Environment:
#
#  SIGBUS (0x7) at pc=0x000000307d4897fb, pid=3486, tid=140000297481984
#
# JRE version: Java(TM) SE Runtime Environment (8.0_45-b14) (build 1.8.0_45-b14)
# Java VM: Java HotSpot(TM) 64-Bit Server VM (25.45-b02 mixed mode linux-amd64 compressed oops)
# Problematic frame:
# C  [libc.so.6+0x897fb]  memcpy+0x15b
#
# Failed to write core dump. Core dumps have been disabled. To enable core dumping, try "ulimit -c unlimited" before starting Java again
#
# An error report file with more information is saved as:
# /var/run/cloudera-scm-agent/process/38357-cloudera-mgmt-HOSTMONITOR/hs_err_pid3486.log
#
# If you would like to submit a bug report, please visit:
#   http://bugreport.java.com/bugreport/crash.jsp
#
Sun Jan 24 05:18:34 CST 2016
JAVA_HOME=/usr/lib/jvm/java
Executing: /usr/lib/jvm/java/bin/java -server -XX:+UseConcMarkSweepGC -XX:-CMSConcurrentMTEnabled -XX:+UseParNewGC -Dmgmt.log.file=mgmt-cmf-mgmt1-HOSTMONITOR-42334cc3-0eb5-9cfc-f65d-0b4cc67ad682.spherestage-kc.net.log.out -Djava.awt.headless=true -Djava.net.preferIPv4Stack=true -Dfirehose.schema.dir=/usr/share/cmf/schema -Dlibrary.leveldbjni.path=/var/run/cloudera-scm-agent/process/38357-cloudera-mgmt-HOSTMONITOR -Xms2147483648 -Xmx2147483648 -XX:OnOutOfMemoryError=/usr/lib64/cmf/service/common/killparent.sh -cp /var/run/cloudera-scm-agent/process/38357-cloudera-mgmt-HOSTMONITOR:/usr/share/java/mysql-connector-java.jar:/usr/share/cmf/lib/postgresql-9.0-801.jdbc4.jar:/usr/share/java/oracle-connector-java.jar:/usr/share/cmf/lib/* com.cloudera.cmon.firehose.Main --pipeline-type HOST_MONITORING --mgmt-home /usr/share/cmf
#
# A fatal error has been detected by the Java Runtime Environment:
#
#  SIGBUS (0x7) at pc=0x000000307d4897fb, pid=9495, tid=140108981790464
#
# JRE version: Java(TM) SE Runtime Environment (8.0_45-b14) (build 1.8.0_45-b14)
# Java VM: Java HotSpot(TM) 64-Bit Server VM (25.45-b02 mixed mode linux-amd64 compressed oops)
# Problematic frame:
# C  [libc.so.6+0x897fb]  memcpy+0x15b
#
# Failed to write core dump. Core dumps have been disabled. To enable core dumping, try "ulimit -c unlimited" before starting Java again
#
# An error report file with more information is saved as:
# /var/run/cloudera-scm-agent/process/38357-cloudera-mgmt-HOSTMONITOR/hs_err_pid9495.log
#
# If you would like to submit a bug report, please visit:
#   http://bugreport.java.com/bugreport/crash.jsp
#
Sun Jan 24 05:19:02 CST 2016
JAVA_HOME=/usr/lib/jvm/java
Executing: /usr/lib/jvm/java/bin/java -server -XX:+UseConcMarkSweepGC -XX:-CMSConcurrentMTEnabled -XX:+UseParNewGC -Dmgmt.log.file=mgmt-cmf-mgmt1-HOSTMONITOR-42334cc3-0eb5-9cfc-f65d-0b4cc67ad682.spherestage-kc.net.log.out -Djava.awt.headless=true -Djava.net.preferIPv4Stack=true -Dfirehose.schema.dir=/usr/share/cmf/schema -Dlibrary.leveldbjni.path=/var/run/cloudera-scm-agent/process/38357-cloudera-mgmt-HOSTMONITOR -Xms2147483648 -Xmx2147483648 -XX:OnOutOfMemoryError=/usr/lib64/cmf/service/common/killparent.sh -cp /var/run/cloudera-scm-agent/process/38357-cloudera-mgmt-HOSTMONITOR:/usr/share/java/mysql-connector-java.jar:/usr/share/cmf/lib/postgresql-9.0-801.jdbc4.jar:/usr/share/java/oracle-connector-java.jar:/usr/share/cmf/lib/* com.cloudera.cmon.firehose.Main --pipeline-type HOST_MONITORING --mgmt-home /usr/share/cmf
#
# A fatal error has been detected by the Java Runtime Environment:
#
#  SIGBUS (0x7) at pc=0x000000307d4897fb, pid=9613, tid=140666889828096
#
# JRE version: Java(TM) SE Runtime Environment (8.0_45-b14) (build 1.8.0_45-b14)
# Java VM: Java HotSpot(TM) 64-Bit Server VM (25.45-b02 mixed mode linux-amd64 compressed oops)
# Problematic frame:
# C  [libc.so.6+0x897fb]  memcpy+0x15b
#
# Failed to write core dump. Core dumps have been disabled. To enable core dumping, try "ulimit -c unlimited" before starting Java again
#
# An error report file with more information is saved as:
# /var/run/cloudera-scm-agent/process/38357-cloudera-mgmt-HOSTMONITOR/hs_err_pid9613.log
#
# If you would like to submit a bug report, please visit:
#   http://bugreport.java.com/bugreport/crash.jsp
#
Mon Jan 25 07:12:34 CST 2016
JAVA_HOME=/usr/lib/jvm/java
Executing: /usr/lib/jvm/java/bin/java -server -XX:+UseConcMarkSweepGC -XX:-CMSConcurrentMTEnabled -XX:+UseParNewGC -Dmgmt.log.file=mgmt-cmf-mgmt1-HOSTMONITOR-42334cc3-0eb5-9cfc-f65d-0b4cc67ad682.spherestage-kc.net.log.out -Djava.awt.headless=true -Djava.net.preferIPv4Stack=true -Dfirehose.schema.dir=/usr/share/cmf/schema -Dlibrary.leveldbjni.path=/var/run/cloudera-scm-agent/process/38357-cloudera-mgmt-HOSTMONITOR -Xms2147483648 -Xmx2147483648 -XX:OnOutOfMemoryError=/usr/lib64/cmf/service/common/killparent.sh -cp /var/run/cloudera-scm-agent/process/38357-cloudera-mgmt-HOSTMONITOR:/usr/share/java/mysql-connector-java.jar:/usr/share/cmf/lib/postgresql-9.0-801.jdbc4.jar:/usr/share/java/oracle-connector-java.jar:/usr/share/cmf/lib/* com.cloudera.cmon.firehose.Main --pipeline-type HOST_MONITORING --mgmt-home /usr/share/cmf
#
# A fatal error has been detected by the Java Runtime Environment:
#
#  SIGBUS (0x7) at pc=0x000000307d4897b2, pid=5145, tid=140210319812352
#
# JRE version: Java(TM) SE Runtime Environment (8.0_45-b14) (build 1.8.0_45-b14)
# Java VM: Java HotSpot(TM) 64-Bit Server VM (25.45-b02 mixed mode linux-amd64 compressed oops)
# Problematic frame:
# C  [libc.so.6+0x897b2]  memcpy+0x112
#
# Failed to write core dump. Core dumps have been disabled. To enable core dumping, try "ulimit -c unlimited" before starting Java again
#
# An error report file with more information is saved as:
# /var/run/cloudera-scm-agent/process/38357-cloudera-mgmt-HOSTMONITOR/hs_err_pid5145.log
#
# If you would like to submit a bug report, please visit:
#   http://bugreport.java.com/bugreport/crash.jsp
# The crash happened outside the Java Virtual Machine in native code.
# See problematic frame for where to report the bug.
#
Mon Jan 25 08:53:06 CST 2016
JAVA_HOME=/usr/lib/jvm/java
Executing: /usr/lib/jvm/java/bin/java -server -XX:+UseConcMarkSweepGC -XX:-CMSConcurrentMTEnabled -XX:+UseParNewGC -Dmgmt.log.file=mgmt-cmf-mgmt1-HOSTMONITOR-42334cc3-0eb5-9cfc-f65d-0b4cc67ad682.spherestage-kc.net.log.out -Djava.awt.headless=true -Djava.net.preferIPv4Stack=true -Dfirehose.schema.dir=/usr/share/cmf/schema -Dlibrary.leveldbjni.path=/var/run/cloudera-scm-agent/process/38357-cloudera-mgmt-HOSTMONITOR -Xms2147483648 -Xmx2147483648 -XX:OnOutOfMemoryError=/usr/lib64/cmf/service/common/killparent.sh -cp /var/run/cloudera-scm-agent/process/38357-cloudera-mgmt-HOSTMONITOR:/usr/share/java/mysql-connector-java.jar:/usr/share/cmf/lib/postgresql-9.0-801.jdbc4.jar:/usr/share/java/oracle-connector-java.jar:/usr/share/cmf/lib/* com.cloudera.cmon.firehose.Main --pipeline-type HOST_MONITORING --mgmt-home /usr/share/cmf
#
# A fatal error has been detected by the Java Runtime Environment:
#
#  SIGBUS (0x7) at pc=0x000000307d489788, pid=10497, tid=139878802024192
#
# JRE version: Java(TM) SE Runtime Environment (8.0_45-b14) (build 1.8.0_45-b14)
# Java VM: Java HotSpot(TM) 64-Bit Server VM (25.45-b02 mixed mode linux-amd64 compressed oops)
# Problematic frame:
# C  [libc.so.6+0x89788][thread 139879849936640 also had an error]
  memcpy+0xe8
#
# Failed to write core dump. Core dumps have been disabled. To enable core dumping, try "ulimit -c unlimited" before starting Java again
#
# An error report file with more information is saved as:
# /var/run/cloudera-scm-agent/process/38357-cloudera-mgmt-HOSTMONITOR/hs_err_pid10497.log
#
# If you would like to submit a bug report, please visit:
#   http://bugreport.java.com/bugreport/crash.jsp
# The crash happened outside the Java Virtual Machine in native code.
# See problematic frame for where to report the bug.
#
Mon Jan 25 20:43:35 CST 2016
JAVA_HOME=/usr/lib/jvm/java
Executing: /usr/lib/jvm/java/bin/java -server -XX:+UseConcMarkSweepGC -XX:-CMSConcurrentMTEnabled -XX:+UseParNewGC -Dmgmt.log.file=mgmt-cmf-mgmt1-HOSTMONITOR-42334cc3-0eb5-9cfc-f65d-0b4cc67ad682.spherestage-kc.net.log.out -Djava.awt.headless=true -Djava.net.preferIPv4Stack=true -Dfirehose.schema.dir=/usr/share/cmf/schema -Dlibrary.leveldbjni.path=/var/run/cloudera-scm-agent/process/38357-cloudera-mgmt-HOSTMONITOR -Xms2147483648 -Xmx2147483648 -XX:OnOutOfMemoryError=/usr/lib64/cmf/service/common/killparent.sh -cp /var/run/cloudera-scm-agent/process/38357-cloudera-mgmt-HOSTMONITOR:/usr/share/java/mysql-connector-java.jar:/usr/share/cmf/lib/postgresql-9.0-801.jdbc4.jar:/usr/share/java/oracle-connector-java.jar:/usr/share/cmf/lib/* com.cloudera.cmon.firehose.Main --pipeline-type HOST_MONITORING --mgmt-home /usr/share/cmf
#
# A fatal error has been detected by the Java Runtime Environment:
#
#  SIGBUS (0x7) at pc=0x000000307d48978c, pid=15889, tid=140462252803840
#
# JRE version: Java(TM) SE Runtime Environment (8.0_45-b14) (build 1.8.0_45-b14)
# Java VM: Java HotSpot(TM) 64-Bit Server VM (25.45-b02 mixed mode linux-amd64 compressed oops)
# Problematic frame:
# C  [libc.so.6+0x8978c]  memcpy+0xec
#
# Failed to write core dump. Core dumps have been disabled. To enable core dumping, try "ulimit -c unlimited" before starting Java again
#
# An error report file with more information is saved as:
# /var/run/cloudera-scm-agent/process/38357-cloudera-mgmt-HOSTMONITOR/hs_err_pid15889.log
#
# If you would like to submit a bug report, please visit:
#   http://bugreport.java.com/bugreport/crash.jsp
# The crash happened outside the Java Virtual Machine in native code.
# See problematic frame for where to report the bug.
#
Mon Jan 25 20:44:17 CST 2016
JAVA_HOME=/usr/lib/jvm/java
Executing: /usr/lib/jvm/java/bin/java -server -XX:+UseConcMarkSweepGC -XX:-CMSConcurrentMTEnabled -XX:+UseParNewGC -Dmgmt.log.file=mgmt-cmf-mgmt1-HOSTMONITOR-42334cc3-0eb5-9cfc-f65d-0b4cc67ad682.spherestage-kc.net.log.out -Djava.awt.headless=true -Djava.net.preferIPv4Stack=true -Dfirehose.schema.dir=/usr/share/cmf/schema -Dlibrary.leveldbjni.path=/var/run/cloudera-scm-agent/process/38357-cloudera-mgmt-HOSTMONITOR -Xms2147483648 -Xmx2147483648 -XX:OnOutOfMemoryError=/usr/lib64/cmf/service/common/killparent.sh -cp /var/run/cloudera-scm-agent/process/38357-cloudera-mgmt-HOSTMONITOR:/usr/share/java/mysql-connector-java.jar:/usr/share/cmf/lib/postgresql-9.0-801.jdbc4.jar:/usr/share/java/oracle-connector-java.jar:/usr/share/cmf/lib/* com.cloudera.cmon.firehose.Main --pipeline-type HOST_MONITORING --mgmt-home /usr/share/cmf
#
# A fatal error has been detected by the Java Runtime Environment:
#
#  SIGBUS (0x7) at pc=0x000000307d4896b1, pid=16009, tid=140607324694272
#
# JRE version: Java(TM) SE Runtime Environment (8.0_45-b14) (build 1.8.0_45-b14)
# Java VM: Java HotSpot(TM) 64-Bit Server VM (25.45-b02 mixed mode linux-amd64 compressed oops)
# Problematic frame:
# C  [libc.so.6+0x896b1]  memcpy+0x11
#
# Failed to write core dump. Core dumps have been disabled. To enable core dumping, try "ulimit -c unlimited" before starting Java again
#
# An error report file with more information is saved as:
# /var/run/cloudera-scm-agent/process/38357-cloudera-mgmt-HOSTMONITOR/hs_err_pid16009.log
#
# If you would like to submit a bug report, please visit:
#   http://bugreport.java.com/bugreport/crash.jsp
# The crash happened outside the Java Virtual Machine in native code.
# See problematic frame for where to report the bug.
#
Mon Jan 25 22:07:26 CST 2016
JAVA_HOME=/usr/lib/jvm/java
Executing: /usr/lib/jvm/java/bin/java -server -XX:+UseConcMarkSweepGC -XX:-CMSConcurrentMTEnabled -XX:+UseParNewGC -Dmgmt.log.file=mgmt-cmf-mgmt1-HOSTMONITOR-42334cc3-0eb5-9cfc-f65d-0b4cc67ad682.spherestage-kc.net.log.out -Djava.awt.headless=true -Djava.net.preferIPv4Stack=true -Dfirehose.schema.dir=/usr/share/cmf/schema -Dlibrary.leveldbjni.path=/var/run/cloudera-scm-agent/process/38357-cloudera-mgmt-HOSTMONITOR -Xms2147483648 -Xmx2147483648 -XX:OnOutOfMemoryError=/usr/lib64/cmf/service/common/killparent.sh -cp /var/run/cloudera-scm-agent/process/38357-cloudera-mgmt-HOSTMONITOR:/usr/share/java/mysql-connector-java.jar:/usr/share/cmf/lib/postgresql-9.0-801.jdbc4.jar:/usr/share/java/oracle-connector-java.jar:/usr/share/cmf/lib/* com.cloudera.cmon.firehose.Main --pipeline-type HOST_MONITORING --mgmt-home /usr/share/cmf
#
# A fatal error has been detected by the Java Runtime Environment:
#
#  SIGBUS (0x7) at pc=0x000000307d4897fb, pid=20496, tid=139794467247872
#
# JRE version: Java(TM) SE Runtime Environment (8.0_45-b14) (build 1.8.0_45-b14)
# Java VM: Java HotSpot(TM) 64-Bit Server VM (25.45-b02 mixed mode linux-amd64 compressed oops)
# Problematic frame:
# C  [libc.so.6+0x897fb]  memcpy+0x15b
#
# Failed to write core dump. Core dumps have been disabled. To enable core dumping, try "ulimit -c unlimited" before starting Java again
#
# An error report file with more information is saved as:
# /var/run/cloudera-scm-agent/process/38357-cloudera-mgmt-HOSTMONITOR/hs_err_pid20496.log
#
# If you would like to submit a bug report, please visit:
#   http://bugreport.java.com/bugreport/crash.jsp
#
Mon Jan 25 22:07:57 CST 2016
JAVA_HOME=/usr/lib/jvm/java
Executing: /usr/lib/jvm/java/bin/java -server -XX:+UseConcMarkSweepGC -XX:-CMSConcurrentMTEnabled -XX:+UseParNewGC -Dmgmt.log.file=mgmt-cmf-mgmt1-HOSTMONITOR-42334cc3-0eb5-9cfc-f65d-0b4cc67ad682.spherestage-kc.net.log.out -Djava.awt.headless=true -Djava.net.preferIPv4Stack=true -Dfirehose.schema.dir=/usr/share/cmf/schema -Dlibrary.leveldbjni.path=/var/run/cloudera-scm-agent/process/38357-cloudera-mgmt-HOSTMONITOR -Xms2147483648 -Xmx2147483648 -XX:OnOutOfMemoryError=/usr/lib64/cmf/service/common/killparent.sh -cp /var/run/cloudera-scm-agent/process/38357-cloudera-mgmt-HOSTMONITOR:/usr/share/java/mysql-connector-java.jar:/usr/share/cmf/lib/postgresql-9.0-801.jdbc4.jar:/usr/share/java/oracle-connector-java.jar:/usr/share/cmf/lib/* com.cloudera.cmon.firehose.Main --pipeline-type HOST_MONITORING --mgmt-home /usr/share/cmf
#
# A fatal error has been detected by the Java Runtime Environment:
#
#  SIGBUS (0x7) at pc=0x000000307d4897ae, pid=20615, tid=140031398762240
#
# JRE version: Java(TM) SE Runtime Environment (8.0_45-b14) (build 1.8.0_45-b14)
# Java VM: Java HotSpot(TM) 64-Bit Server VM (25.45-b02 mixed mode linux-amd64 compressed oops)
# Problematic frame:
# C  [libc.so.6+0x897ae]  memcpy+0x10e
#
# Failed to write core dump. Core dumps have been disabled. To enable core dumping, try "ulimit -c unlimited" before starting Java again
#
# An error report file with more information is saved as:
# /var/run/cloudera-scm-agent/process/38357-cloudera-mgmt-HOSTMONITOR/hs_err_pid20615.log
#
# If you would like to submit a bug report, please visit:
#   http://bugreport.java.com/bugreport/crash.jsp
# The crash happened outside the Java Virtual Machine in native code.
# See problematic frame for where to report the bug.
#
Tue Jan 26 01:33:16 CST 2016
JAVA_HOME=/usr/lib/jvm/java
Executing: /usr/lib/jvm/java/bin/java -server -XX:+UseConcMarkSweepGC -XX:-CMSConcurrentMTEnabled -XX:+UseParNewGC -Dmgmt.log.file=mgmt-cmf-mgmt1-HOSTMONITOR-42334cc3-0eb5-9cfc-f65d-0b4cc67ad682.spherestage-kc.net.log.out -Djava.awt.headless=true -Djava.net.preferIPv4Stack=true -Dfirehose.schema.dir=/usr/share/cmf/schema -Dlibrary.leveldbjni.path=/var/run/cloudera-scm-agent/process/38357-cloudera-mgmt-HOSTMONITOR -Xms2147483648 -Xmx2147483648 -XX:OnOutOfMemoryError=/usr/lib64/cmf/service/common/killparent.sh -cp /var/run/cloudera-scm-agent/process/38357-cloudera-mgmt-HOSTMONITOR:/usr/share/java/mysql-connector-java.jar:/usr/share/cmf/lib/postgresql-9.0-801.jdbc4.jar:/usr/share/java/oracle-connector-java.jar:/usr/share/cmf/lib/* com.cloudera.cmon.firehose.Main --pipeline-type HOST_MONITORING --mgmt-home /usr/share/cmf
#
# A fatal error has been detected by the Java Runtime Environment:
#
#  SIGBUS (0x7) at pc=0x000000307d4897ae, pid=31564, tid=140306203772672
#
# JRE version: Java(TM) SE Runtime Environment (8.0_45-b14) (build 1.8.0_45-b14)
# Java VM: Java HotSpot(TM) 64-Bit Server VM (25.45-b02 mixed mode linux-amd64 compressed oops)
# Problematic frame:
# C  [libc.so.6+0x897ae]  memcpy+0x10e
#
# Failed to write core dump. Core dumps have been disabled. To enable core dumping, try "ulimit -c unlimited" before starting Java again
#
# An error report file with more information is saved as:
# /var/run/cloudera-scm-agent/process/38357-cloudera-mgmt-HOSTMONITOR/hs_err_pid31564.log
#
# If you would like to submit a bug report, please visit:
#   http://bugreport.java.com/bugreport/crash.jsp
# The crash happened outside the Java Virtual Machine in native code.
# See problematic frame for where to report the bug.
#
Tue Jan 26 08:33:45 CST 2016
JAVA_HOME=/usr/lib/jvm/java
Executing: /usr/lib/jvm/java/bin/java -server -XX:+UseConcMarkSweepGC -XX:-CMSConcurrentMTEnabled -XX:+UseParNewGC -Dmgmt.log.file=mgmt-cmf-mgmt1-HOSTMONITOR-42334cc3-0eb5-9cfc-f65d-0b4cc67ad682.spherestage-kc.net.log.out -Djava.awt.headless=true -Djava.net.preferIPv4Stack=true -Dfirehose.schema.dir=/usr/share/cmf/schema -Dlibrary.leveldbjni.path=/var/run/cloudera-scm-agent/process/38357-cloudera-mgmt-HOSTMONITOR -Xms2147483648 -Xmx2147483648 -XX:OnOutOfMemoryError=/usr/lib64/cmf/service/common/killparent.sh -cp /var/run/cloudera-scm-agent/process/38357-cloudera-mgmt-HOSTMONITOR:/usr/share/java/mysql-connector-java.jar:/usr/share/cmf/lib/postgresql-9.0-801.jdbc4.jar:/usr/share/java/oracle-connector-java.jar:/usr/share/cmf/lib/* com.cloudera.cmon.firehose.Main --pipeline-type HOST_MONITORING --mgmt-home /usr/share/cmf
#
# A fatal error has been detected by the Java Runtime Environment:
#
#  SIGBUS (0x7) at pc=0x000000307d4897ab, pid=32275, tid=139710331963136
#
# JRE version: Java(TM) SE Runtime Environment (8.0_45-b14) (build 1.8.0_45-b14)
# Java VM: Java HotSpot(TM) 64-Bit Server VM (25.45-b02 mixed mode linux-amd64 compressed oops)
# Problematic frame:
# C  [libc.so.6+0x897ab]  memcpy+0x10b
#
# Failed to write core dump. Core dumps have been disabled. To enable core dumping, try "ulimit -c unlimited" before starting Java again
#
# An error report file with more information is saved as:
# /var/run/cloudera-scm-agent/process/38357-cloudera-mgmt-HOSTMONITOR/hs_err_pid32275.log
#
# If you would like to submit a bug report, please visit:
#   http://bugreport.java.com/bugreport/crash.jsp
# The crash happened outside the Java Virtual Machine in native code.
# See problematic frame for where to report the bug.
#
Tue Jan 26 11:44:15 CST 2016
JAVA_HOME=/usr/lib/jvm/java
Executing: /usr/lib/jvm/java/bin/java -server -XX:+UseConcMarkSweepGC -XX:-CMSConcurrentMTEnabled -XX:+UseParNewGC -Dmgmt.log.file=mgmt-cmf-mgmt1-HOSTMONITOR-42334cc3-0eb5-9cfc-f65d-0b4cc67ad682.spherestage-kc.net.log.out -Djava.awt.headless=true -Djava.net.preferIPv4Stack=true -Dfirehose.schema.dir=/usr/share/cmf/schema -Dlibrary.leveldbjni.path=/var/run/cloudera-scm-agent/process/38357-cloudera-mgmt-HOSTMONITOR -Xms2147483648 -Xmx2147483648 -XX:OnOutOfMemoryError=/usr/lib64/cmf/service/common/killparent.sh -cp /var/run/cloudera-scm-agent/process/38357-cloudera-mgmt-HOSTMONITOR:/usr/share/java/mysql-connector-java.jar:/usr/share/cmf/lib/postgresql-9.0-801.jdbc4.jar:/usr/share/java/oracle-connector-java.jar:/usr/share/cmf/lib/* com.cloudera.cmon.firehose.Main --pipeline-type HOST_MONITORING --mgmt-home /usr/share/cmf
#
# A fatal error has been detected by the Java Runtime Environment:
#
#  SIGBUS (0x7) at pc=0x000000307d4897fb, pid=11089, tid=140577711441664
#
# JRE version: Java(TM) SE Runtime Environment (8.0_45-b14) (build 1.8.0_45-b14)
# Java VM: Java HotSpot(TM) 64-Bit Server VM (25.45-b02 mixed mode linux-amd64 compressed oops)
# Problematic frame:
# C  [libc.so.6+0x897fb]  memcpy+0x15b
#
# Failed to write core dump. Core dumps have been disabled. To enable core dumping, try "ulimit -c unlimited" before starting Java again
#
# An error report file with more information is saved as:
# /var/run/cloudera-scm-agent/process/38357-cloudera-mgmt-HOSTMONITOR/hs_err_pid11089.log
#
# If you would like to submit a bug report, please visit:
#   http://bugreport.java.com/bugreport/crash.jsp
# The crash happened outside the Java Virtual Machine in native code.
# See problematic frame for where to report the bug.
#
Tue Jan 26 16:30:55 CST 2016
JAVA_HOME=/usr/lib/jvm/java
Executing: /usr/lib/jvm/java/bin/java -server -XX:+UseConcMarkSweepGC -XX:-CMSConcurrentMTEnabled -XX:+UseParNewGC -Dmgmt.log.file=mgmt-cmf-mgmt1-HOSTMONITOR-42334cc3-0eb5-9cfc-f65d-0b4cc67ad682.spherestage-kc.net.log.out -Djava.awt.headless=true -Djava.net.preferIPv4Stack=true -Dfirehose.schema.dir=/usr/share/cmf/schema -Dlibrary.leveldbjni.path=/var/run/cloudera-scm-agent/process/38357-cloudera-mgmt-HOSTMONITOR -Xms2147483648 -Xmx2147483648 -XX:OnOutOfMemoryError=/usr/lib64/cmf/service/common/killparent.sh -cp /var/run/cloudera-scm-agent/process/38357-cloudera-mgmt-HOSTMONITOR:/usr/share/java/mysql-connector-java.jar:/usr/share/cmf/lib/postgresql-9.0-801.jdbc4.jar:/usr/share/java/oracle-connector-java.jar:/usr/share/cmf/lib/* com.cloudera.cmon.firehose.Main --pipeline-type HOST_MONITORING --mgmt-home /usr/share/cmf
#
# A fatal error has been detected by the Java Runtime Environment:
#
#  SIGBUS (0x7) at pc=0x000000307d48978c, pid=26290, tid=139722545264384
#
# JRE version: Java(TM) SE Runtime Environment (8.0_45-b14) (build 1.8.0_45-b14)
# Java VM: Java HotSpot(TM) 64-Bit Server VM (25.45-b02 mixed mode linux-amd64 compressed oops)
# Problematic frame:
# C  [libc.so.6+0x8978c]  memcpy+0xec
#
# Failed to write core dump. Core dumps have been disabled. To enable core dumping, try "ulimit -c unlimited" before starting Java again
#
# An error report file with more information is saved as:
# /var/run/cloudera-scm-agent/process/38357-cloudera-mgmt-HOSTMONITOR/hs_err_pid26290.log
#
# If you would like to submit a bug report, please visit:
#   http://bugreport.java.com/bugreport/crash.jsp
# The crash happened outside the Java Virtual Machine in native code.
# See problematic frame for where to report the bug.
#
Tue Jan 26 16:31:27 CST 2016
JAVA_HOME=/usr/lib/jvm/java
Executing: /usr/lib/jvm/java/bin/java -server -XX:+UseConcMarkSweepGC -XX:-CMSConcurrentMTEnabled -XX:+UseParNewGC -Dmgmt.log.file=mgmt-cmf-mgmt1-HOSTMONITOR-42334cc3-0eb5-9cfc-f65d-0b4cc67ad682.spherestage-kc.net.log.out -Djava.awt.headless=true -Djava.net.preferIPv4Stack=true -Dfirehose.schema.dir=/usr/share/cmf/schema -Dlibrary.leveldbjni.path=/var/run/cloudera-scm-agent/process/38357-cloudera-mgmt-HOSTMONITOR -Xms2147483648 -Xmx2147483648 -XX:OnOutOfMemoryError=/usr/lib64/cmf/service/common/killparent.sh -cp /var/run/cloudera-scm-agent/process/38357-cloudera-mgmt-HOSTMONITOR:/usr/share/java/mysql-connector-java.jar:/usr/share/cmf/lib/postgresql-9.0-801.jdbc4.jar:/usr/share/java/oracle-connector-java.jar:/usr/share/cmf/lib/* com.cloudera.cmon.firehose.Main --pipeline-type HOST_MONITORING --mgmt-home /usr/share/cmf
#
# A fatal error has been detected by the Java Runtime Environment:
#
#  SIGBUS (0x7) at pc=0x000000307d4897fb, pid=26394, tid=140613717509888
#
# JRE version: Java(TM) SE Runtime Environment (8.0_45-b14) (build 1.8.0_45-b14)
# Java VM: Java HotSpot(TM) 64-Bit Server VM (25.45-b02 mixed mode linux-amd64 compressed oops)
# Problematic frame:
# C  [libc.so.6+0x897fb][thread 140613721720576 also had an error]
  memcpy+0x15b
#
# Failed to write core dump. Core dumps have been disabled. To enable core dumping, try "ulimit -c unlimited" before starting Java again
#
# An error report file with more information is saved as:
# /var/run/cloudera-scm-agent/process/38357-cloudera-mgmt-HOSTMONITOR/hs_err_pid26394.log
#
# If you would like to submit a bug report, please visit:
#   http://bugreport.java.com/bugreport/crash.jsp
# The crash happened outside the Java Virtual Machine in native code.
# See problematic frame for where to report the bug.
#
Tue Jan 26 19:21:39 CST 2016
JAVA_HOME=/usr/lib/jvm/java
Executing: /usr/lib/jvm/java/bin/java -server -XX:+UseConcMarkSweepGC -XX:-CMSConcurrentMTEnabled -XX:+UseParNewGC -Dmgmt.log.file=mgmt-cmf-mgmt1-HOSTMONITOR-42334cc3-0eb5-9cfc-f65d-0b4cc67ad682.spherestage-kc.net.log.out -Djava.awt.headless=true -Djava.net.preferIPv4Stack=true -Dfirehose.schema.dir=/usr/share/cmf/schema -Dlibrary.leveldbjni.path=/var/run/cloudera-scm-agent/process/38357-cloudera-mgmt-HOSTMONITOR -Xms2147483648 -Xmx2147483648 -XX:OnOutOfMemoryError=/usr/lib64/cmf/service/common/killparent.sh -cp /var/run/cloudera-scm-agent/process/38357-cloudera-mgmt-HOSTMONITOR:/usr/share/java/mysql-connector-java.jar:/usr/share/cmf/lib/postgresql-9.0-801.jdbc4.jar:/usr/share/java/oracle-connector-java.jar:/usr/share/cmf/lib/* com.cloudera.cmon.firehose.Main --pipeline-type HOST_MONITORING --mgmt-home /usr/share/cmf
#
# A fatal error has been detected by the Java Runtime Environment:
#
#  SIGBUS (0x7) at pc=0x000000307d489784, pid=3029, tid=139994057774848
#
# JRE version: Java(TM) SE Runtime Environment (8.0_45-b14) (build 1.8.0_45-b14)
# Java VM: Java HotSpot(TM) 64-Bit Server VM (25.45-b02 mixed mode linux-amd64 compressed oops)
# Problematic frame:
# C  [libc.so.6+0x89784]  memcpy+0xe4
#
# Failed to write core dump. Core dumps have been disabled. To enable core dumping, try "ulimit -c unlimited" before starting Java again
#
# An error report file with more information is saved as:
# /var/run/cloudera-scm-agent/process/38357-cloudera-mgmt-HOSTMONITOR/hs_err_pid3029.log
#
# If you would like to submit a bug report, please visit:
#   http://bugreport.java.com/bugreport/crash.jsp
# The crash happened outside the Java Virtual Machine in native code.
# See problematic frame for where to report the bug.
#
Wed Jan 27 01:02:09 CST 2016
JAVA_HOME=/usr/lib/jvm/java
Executing: /usr/lib/jvm/java/bin/java -server -XX:+UseConcMarkSweepGC -XX:-CMSConcurrentMTEnabled -XX:+UseParNewGC -Dmgmt.log.file=mgmt-cmf-mgmt1-HOSTMONITOR-42334cc3-0eb5-9cfc-f65d-0b4cc67ad682.spherestage-kc.net.log.out -Djava.awt.headless=true -Djava.net.preferIPv4Stack=true -Dfirehose.schema.dir=/usr/share/cmf/schema -Dlibrary.leveldbjni.path=/var/run/cloudera-scm-agent/process/38357-cloudera-mgmt-HOSTMONITOR -Xms2147483648 -Xmx2147483648 -XX:OnOutOfMemoryError=/usr/lib64/cmf/service/common/killparent.sh -cp /var/run/cloudera-scm-agent/process/38357-cloudera-mgmt-HOSTMONITOR:/usr/share/java/mysql-connector-java.jar:/usr/share/cmf/lib/postgresql-9.0-801.jdbc4.jar:/usr/share/java/oracle-connector-java.jar:/usr/share/cmf/lib/* com.cloudera.cmon.firehose.Main --pipeline-type HOST_MONITORING --mgmt-home /usr/share/cmf
#
# A fatal error has been detected by the Java Runtime Environment:
#
#  SIGBUS (0x7) at pc=0x000000307d4897fb, pid=20945, tid=140366736881408
#
# JRE version: Java(TM) SE Runtime Environment (8.0_45-b14) (build 1.8.0_45-b14)
# Java VM: Java HotSpot(TM) 64-Bit Server VM (25.45-b02 mixed mode linux-amd64 compressed oops)
# Problematic frame:
# C  [libc.so.6+0x897fb]  memcpy+0x15b
#
# Failed to write core dump. Core dumps have been disabled. To enable core dumping, try "ulimit -c unlimited" before starting Java again
#
# An error report file with more information is saved as:
# /var/run/cloudera-scm-agent/process/38357-cloudera-mgmt-HOSTMONITOR/hs_err_pid20945.log
#
# If you would like to submit a bug report, please visit:
#   http://bugreport.java.com/bugreport/crash.jsp
# The crash happened outside the Java Virtual Machine in native code.
# See problematic frame for where to report the bug.
#
Wed Jan 27 03:56:58 CST 2016
JAVA_HOME=/usr/lib/jvm/java
Executing: /usr/lib/jvm/java/bin/java -server -XX:+UseConcMarkSweepGC -XX:-CMSConcurrentMTEnabled -XX:+UseParNewGC -Dmgmt.log.file=mgmt-cmf-mgmt1-HOSTMONITOR-42334cc3-0eb5-9cfc-f65d-0b4cc67ad682.spherestage-kc.net.log.out -Djava.awt.headless=true -Djava.net.preferIPv4Stack=true -Dfirehose.schema.dir=/usr/share/cmf/schema -Dlibrary.leveldbjni.path=/var/run/cloudera-scm-agent/process/38357-cloudera-mgmt-HOSTMONITOR -Xms2147483648 -Xmx2147483648 -XX:OnOutOfMemoryError=/usr/lib64/cmf/service/common/killparent.sh -cp /var/run/cloudera-scm-agent/process/38357-cloudera-mgmt-HOSTMONITOR:/usr/share/java/mysql-connector-java.jar:/usr/share/cmf/lib/postgresql-9.0-801.jdbc4.jar:/usr/share/java/oracle-connector-java.jar:/usr/share/cmf/lib/* com.cloudera.cmon.firehose.Main --pipeline-type HOST_MONITORING --mgmt-home /usr/share/cmf
#
# A fatal error has been detected by the Java Runtime Environment:
#
#  SIGBUS (0x7) at pc=0x000000307d4896e9, pid=8640, tid=140625192072960
#
# JRE version: Java(TM) SE Runtime Environment (8.0_45-b14) (build 1.8.0_45-b14)
# Java VM: Java HotSpot(TM) 64-Bit Server VM (25.45-b02 mixed mode linux-amd64 compressed oops)
# Problematic frame:
# C  [libc.so.6+0x896e9]  memcpy+0x49
#
# Failed to write core dump. Core dumps have been disabled. To enable core dumping, try "ulimit -c unlimited" before starting Java again
#
# An error report file with more information is saved as:
# /var/run/cloudera-scm-agent/process/38357-cloudera-mgmt-HOSTMONITOR/hs_err_pid8640.log
#
# If you would like to submit a bug report, please visit:
#   http://bugreport.java.com/bugreport/crash.jsp
# The crash happened outside the Java Virtual Machine in native code.
# See problematic frame for where to report the bug.
#
Wed Jan 27 12:22:40 CST 2016
JAVA_HOME=/usr/lib/jvm/java
Executing: /usr/lib/jvm/java/bin/java -server -XX:+UseConcMarkSweepGC -XX:-CMSConcurrentMTEnabled -XX:+UseParNewGC -Dmgmt.log.file=mgmt-cmf-mgmt1-HOSTMONITOR-42334cc3-0eb5-9cfc-f65d-0b4cc67ad682.spherestage-kc.net.log.out -Djava.awt.headless=true -Djava.net.preferIPv4Stack=true -Dfirehose.schema.dir=/usr/share/cmf/schema -Dlibrary.leveldbjni.path=/var/run/cloudera-scm-agent/process/38357-cloudera-mgmt-HOSTMONITOR -Xms2147483648 -Xmx2147483648 -XX:OnOutOfMemoryError=/usr/lib64/cmf/service/common/killparent.sh -cp /var/run/cloudera-scm-agent/process/38357-cloudera-mgmt-HOSTMONITOR:/usr/share/java/mysql-connector-java.jar:/usr/share/cmf/lib/postgresql-9.0-801.jdbc4.jar:/usr/share/java/oracle-connector-java.jar:/usr/share/cmf/lib/* com.cloudera.cmon.firehose.Main --pipeline-type HOST_MONITORING --mgmt-home /usr/share/cmf
#
# A fatal error has been detected by the Java Runtime Environment:
#
#  SIGBUS (0x7) at pc=0x000000307d4897fb, pid=3342, tid=139698139182848
#
# JRE version: Java(TM) SE Runtime Environment (8.0_45-b14) (build 1.8.0_45-b14)
# Java VM: Java HotSpot(TM) 64-Bit Server VM (25.45-b02 mixed mode linux-amd64 compressed oops)
# Problematic frame:
# C  [libc.so.6+0x897fb]  memcpy+0x15b
#
# Failed to write core dump. Core dumps have been disabled. To enable core dumping, try "ulimit -c unlimited" before starting Java again
#
# An error report file with more information is saved as:
# /var/run/cloudera-scm-agent/process/38357-cloudera-mgmt-HOSTMONITOR/hs_err_pid3342.log
#
# If you would like to submit a bug report, please visit:
#   http://bugreport.java.com/bugreport/crash.jsp
# The crash happened outside the Java Virtual Machine in native code.
# See problematic frame for where to report the bug.
#
Wed Jan 27 13:48:41 CST 2016
JAVA_HOME=/usr/lib/jvm/java
Executing: /usr/lib/jvm/java/bin/java -server -XX:+UseConcMarkSweepGC -XX:-CMSConcurrentMTEnabled -XX:+UseParNewGC -Dmgmt.log.file=mgmt-cmf-mgmt1-HOSTMONITOR-42334cc3-0eb5-9cfc-f65d-0b4cc67ad682.spherestage-kc.net.log.out -Djava.awt.headless=true -Djava.net.preferIPv4Stack=true -Dfirehose.schema.dir=/usr/share/cmf/schema -Dlibrary.leveldbjni.path=/var/run/cloudera-scm-agent/process/38357-cloudera-mgmt-HOSTMONITOR -Xms2147483648 -Xmx2147483648 -XX:OnOutOfMemoryError=/usr/lib64/cmf/service/common/killparent.sh -cp /var/run/cloudera-scm-agent/process/38357-cloudera-mgmt-HOSTMONITOR:/usr/share/java/mysql-connector-java.jar:/usr/share/cmf/lib/postgresql-9.0-801.jdbc4.jar:/usr/share/java/oracle-connector-java.jar:/usr/share/cmf/lib/* com.cloudera.cmon.firehose.Main --pipeline-type HOST_MONITORING --mgmt-home /usr/share/cmf
#
# A fatal error has been detected by the Java Runtime Environment:
#
#  SIGBUS (0x7) at pc=0x000000307d489781, pid=7929, tid=139764712843008
#
# JRE version: Java(TM) SE Runtime Environment (8.0_45-b14) (build 1.8.0_45-b14)
# Java VM: Java HotSpot(TM) 64-Bit Server VM (25.45-b02 mixed mode linux-amd64 compressed oops)
# Problematic frame:
# C  [libc.so.6+0x89781]  memcpy+0xe1
#
# Failed to write core dump. Core dumps have been disabled. To enable core dumping, try "ulimit -c unlimited" before starting Java again
#
# An error report file with more information is saved as:
# /var/run/cloudera-scm-agent/process/38357-cloudera-mgmt-HOSTMONITOR/hs_err_pid7929.log
#
# If you would like to submit a bug report, please visit:
#   http://bugreport.java.com/bugreport/crash.jsp
# The crash happened outside the Java Virtual Machine in native code.
# See problematic frame for where to report the bug.
#
Wed Jan 27 15:14:12 CST 2016
JAVA_HOME=/usr/lib/jvm/java
Executing: /usr/lib/jvm/java/bin/java -server -XX:+UseConcMarkSweepGC -XX:-CMSConcurrentMTEnabled -XX:+UseParNewGC -Dmgmt.log.file=mgmt-cmf-mgmt1-HOSTMONITOR-42334cc3-0eb5-9cfc-f65d-0b4cc67ad682.spherestage-kc.net.log.out -Djava.awt.headless=true -Djava.net.preferIPv4Stack=true -Dfirehose.schema.dir=/usr/share/cmf/schema -Dlibrary.leveldbjni.path=/var/run/cloudera-scm-agent/process/38357-cloudera-mgmt-HOSTMONITOR -Xms2147483648 -Xmx2147483648 -XX:OnOutOfMemoryError=/usr/lib64/cmf/service/common/killparent.sh -cp /var/run/cloudera-scm-agent/process/38357-cloudera-mgmt-HOSTMONITOR:/usr/share/java/mysql-connector-java.jar:/usr/share/cmf/lib/postgresql-9.0-801.jdbc4.jar:/usr/share/java/oracle-connector-java.jar:/usr/share/cmf/lib/* com.cloudera.cmon.firehose.Main --pipeline-type HOST_MONITORING --mgmt-home /usr/share/cmf
#
# A fatal error has been detected by the Java Runtime Environment:
#
#  SIGBUS (0x7) at pc=0x000000307d4897fb, pid=12734, tid=139896581183232
#
# JRE version: Java(TM) SE Runtime Environment (8.0_45-b14) (build 1.8.0_45-b14)
# Java VM: Java HotSpot(TM) 64-Bit Server VM (25.45-b02 mixed mode linux-amd64 compressed oops)
# Problematic frame:
# C  [libc.so.6+0x897fb]  memcpy+0x15b
#
# Failed to write core dump. Core dumps have been disabled. To enable core dumping, try "ulimit -c unlimited" before starting Java again
#
# An error report file with more information is saved as:
# /var/run/cloudera-scm-agent/process/38357-cloudera-mgmt-HOSTMONITOR/hs_err_pid12734.log
#
# If you would like to submit a bug report, please visit:
#   http://bugreport.java.com/bugreport/crash.jsp
#
Wed Jan 27 15:15:05 CST 2016
JAVA_HOME=/usr/lib/jvm/java
Executing: /usr/lib/jvm/java/bin/java -server -XX:+UseConcMarkSweepGC -XX:-CMSConcurrentMTEnabled -XX:+UseParNewGC -Dmgmt.log.file=mgmt-cmf-mgmt1-HOSTMONITOR-42334cc3-0eb5-9cfc-f65d-0b4cc67ad682.spherestage-kc.net.log.out -Djava.awt.headless=true -Djava.net.preferIPv4Stack=true -Dfirehose.schema.dir=/usr/share/cmf/schema -Dlibrary.leveldbjni.path=/var/run/cloudera-scm-agent/process/38357-cloudera-mgmt-HOSTMONITOR -Xms2147483648 -Xmx2147483648 -XX:OnOutOfMemoryError=/usr/lib64/cmf/service/common/killparent.sh -cp /var/run/cloudera-scm-agent/process/38357-cloudera-mgmt-HOSTMONITOR:/usr/share/java/mysql-connector-java.jar:/usr/share/cmf/lib/postgresql-9.0-801.jdbc4.jar:/usr/share/java/oracle-connector-java.jar:/usr/share/cmf/lib/* com.cloudera.cmon.firehose.Main --pipeline-type HOST_MONITORING --mgmt-home /usr/share/cmf
#
# A fatal error has been detected by the Java Runtime Environment:
#
#  SIGBUS (0x7) at pc=0x000000307d489788, pid=12905, tid=140449772660480
#
# JRE version: Java(TM) SE Runtime Environment (8.0_45-b14) (build 1.8.0_45-b14)
# Java VM: Java HotSpot(TM) 64-Bit Server VM (25.45-b02 mixed mode linux-amd64 compressed oops)
# Problematic frame:
# C  [libc.so.6+0x89788]  memcpy+0xe8
#
# Failed to write core dump. Core dumps have been disabled. To enable core dumping, try "ulimit -c unlimited" before starting Java again
#
# An error report file with more information is saved as:
# /var/run/cloudera-scm-agent/process/38357-cloudera-mgmt-HOSTMONITOR/hs_err_pid12905.log
#
# If you would like to submit a bug report, please visit:
#   http://bugreport.java.com/bugreport/crash.jsp
# The crash happened outside the Java Virtual Machine in native code.
# See problematic frame for where to report the bug.
#
Wed Jan 27 21:01:02 CST 2016
JAVA_HOME=/usr/lib/jvm/java
Executing: /usr/lib/jvm/java/bin/java -server -XX:+UseConcMarkSweepGC -XX:-CMSConcurrentMTEnabled -XX:+UseParNewGC -Dmgmt.log.file=mgmt-cmf-mgmt1-HOSTMONITOR-42334cc3-0eb5-9cfc-f65d-0b4cc67ad682.spherestage-kc.net.log.out -Djava.awt.headless=true -Djava.net.preferIPv4Stack=true -Dfirehose.schema.dir=/usr/share/cmf/schema -Dlibrary.leveldbjni.path=/var/run/cloudera-scm-agent/process/38357-cloudera-mgmt-HOSTMONITOR -Xms2147483648 -Xmx2147483648 -XX:OnOutOfMemoryError=/usr/lib64/cmf/service/common/killparent.sh -cp /var/run/cloudera-scm-agent/process/38357-cloudera-mgmt-HOSTMONITOR:/usr/share/java/mysql-connector-java.jar:/usr/share/cmf/lib/postgresql-9.0-801.jdbc4.jar:/usr/share/java/oracle-connector-java.jar:/usr/share/cmf/lib/* com.cloudera.cmon.firehose.Main --pipeline-type HOST_MONITORING --mgmt-home /usr/share/cmf
#
# A fatal error has been detected by the Java Runtime Environment:
#
#  SIGBUS (0x7) at pc=0x000000307d4896b1, pid=32196, tid=139749273532160
#
# JRE version: Java(TM) SE Runtime Environment (8.0_45-b14) (build 1.8.0_45-b14)
# Java VM: Java HotSpot(TM) 64-Bit Server VM (25.45-b02 mixed mode linux-amd64 compressed oops)
# Problematic frame:
# C  [libc.so.6+0x896b1]  memcpy+0x11
#
# Failed to write core dump. Core dumps have been disabled. To enable core dumping, try "ulimit -c unlimited" before starting Java again
#
# An error report file with more information is saved as:
# /var/run/cloudera-scm-agent/process/38357-cloudera-mgmt-HOSTMONITOR/hs_err_pid32196.log
#
# If you would like to submit a bug report, please visit:
#   http://bugreport.java.com/bugreport/crash.jsp
# The crash happened outside the Java Virtual Machine in native code.
# See problematic frame for where to report the bug.
#
Thu Jan 28 02:41:49 CST 2016
JAVA_HOME=/usr/lib/jvm/java
Executing: /usr/lib/jvm/java/bin/java -server -XX:+UseConcMarkSweepGC -XX:-CMSConcurrentMTEnabled -XX:+UseParNewGC -Dmgmt.log.file=mgmt-cmf-mgmt1-HOSTMONITOR-42334cc3-0eb5-9cfc-f65d-0b4cc67ad682.spherestage-kc.net.log.out -Djava.awt.headless=true -Djava.net.preferIPv4Stack=true -Dfirehose.schema.dir=/usr/share/cmf/schema -Dlibrary.leveldbjni.path=/var/run/cloudera-scm-agent/process/38357-cloudera-mgmt-HOSTMONITOR -Xms2147483648 -Xmx2147483648 -XX:OnOutOfMemoryError=/usr/lib64/cmf/service/common/killparent.sh -cp /var/run/cloudera-scm-agent/process/38357-cloudera-mgmt-HOSTMONITOR:/usr/share/java/mysql-connector-java.jar:/usr/share/cmf/lib/postgresql-9.0-801.jdbc4.jar:/usr/share/java/oracle-connector-java.jar:/usr/share/cmf/lib/* com.cloudera.cmon.firehose.Main --pipeline-type HOST_MONITORING --mgmt-home /usr/share/cmf
